{"C:\\Users\\632210132\\Desktop\\rafaelaula\\aula06\\soma.js": {"path":"C:\\Users\\632210132\\Desktop\\rafaelaula\\aula06\\soma.js","statementMap":{"0":{"start":{"line":2,"column":4},"end":{"line":4,"column":5}},"1":{"start":{"line":3,"column":8},"end":{"line":3,"column":15}},"2":{"start":{"line":5,"column":4},"end":{"line":5,"column":15}},"3":{"start":{"line":8,"column":0},"end":{"line":8,"column":22}}},"fnMap":{"0":{"name":"soma","decl":{"start":{"line":1,"column":9},"end":{"line":1,"column":13}},"loc":{"start":{"line":1,"column":19},"end":{"line":6,"column":1}},"line":1}},"branchMap":{"0":{"loc":{"start":{"line":2,"column":4},"end":{"line":4,"column":5}},"type":"if","locations":[{"start":{"line":2,"column":4},"end":{"line":4,"column":5}},{"start":{},"end":{}}],"line":2},"1":{"loc":{"start":{"line":2,"column":7},"end":{"line":2,"column":21}},"type":"binary-expr","locations":[{"start":{"line":2,"column":7},"end":{"line":2,"column":13}},{"start":{"line":2,"column":17},"end":{"line":2,"column":21}}],"line":2}},"s":{"0":2,"1":0,"2":2,"3":1},"f":{"0":2},"b":{"0":[0,2],"1":[2,2]},"_coverageSchema":"1a1c01bbd47fc00a2c39e90264f33305004495a9","hash":"4062f8ebb44c15a222d1991cea1dbf78d8d2ca16"}
}
